### 25.05.2021 17:04:37
Array
(
    [name] => Админ
)



### 25.05.2021 17:04:38
Array
(
    [name] => Админ
)



### 25.05.2021 17:04:39
Array
(
    [name] => Админ
    [catalog] => Array
        (
            [0] => Array
                (
                    [name] => Пицца
                    [price] => 24
                )

            [1] => Array
                (
                    [name] => Чай
                    [price] => 1
                )

            [2] => Array
                (
                    [name] => Яблоко
                    [price] => 12
                )

        )

)



### 25.05.2021 17:04:44
Array
(
    [name] => Админ
    [files] => Array
        (
            [0] => Ведомость.txt
            [1] => Зарплата.txt
        )

)



### 25.05.2021 17:04:46
Array
(
    [name] => Админ
    [imgsBig] => Array
        (
            [0] => 01.jpg
            [1] => 02.jpg
            [2] => 03.jpg
            [3] => 04.jpg
            [4] => 05.jpg
            [5] => 06.jpg
            [6] => 07.jpg
            [7] => 08.jpg
            [8] => 09.jpg
            [9] => 10.jpg
            [10] => 11.jpg
            [11] => 12.jpg
            [12] => 13.jpg
            [13] => 14.jpg
            [14] => 15.jpg
        )

    [message] => 
)



### 25.05.2021 17:04:48
Array
(
    [name] => Админ
)



### 25.05.2021 17:04:49
Array
(
    [name] => Админ
    [imgsBig] => Array
        (
            [0] => 01.jpg
            [1] => 02.jpg
            [2] => 03.jpg
            [3] => 04.jpg
            [4] => 05.jpg
            [5] => 06.jpg
            [6] => 07.jpg
            [7] => 08.jpg
            [8] => 09.jpg
            [9] => 10.jpg
            [10] => 11.jpg
            [11] => 12.jpg
            [12] => 13.jpg
            [13] => 14.jpg
            [14] => 15.jpg
        )

    [message] => 
)



### 25.05.2021 17:05:05
Array
(
    [name] => Админ
    [imgsBig] => Array
        (
            [0] => 01.jpg
            [1] => 02.jpg
            [2] => 03.jpg
            [3] => 04.jpg
            [4] => 05.jpg
            [5] => 06.jpg
            [6] => 07.jpg
            [7] => 08.jpg
            [8] => 09.jpg
            [9] => 10.jpg
            [10] => 11.jpg
            [11] => 12.jpg
            [12] => 13.jpg
            [13] => 14.jpg
            [14] => 15.jpg
            [15] => пара город.jpg
        )

    [message] => Файл загружен!
)



